<?xml version="1.0" encoding="UTF-8"?>
<!-- Generated by org.testng.reporters.JUnitReportReporter -->
<testsuite hostname="DESKTOP-5GV2KT2" failures="0" tests="2" name="com.nana.devops.jenkins.jenkinsClassTest" time="0.027" errors="0" timestamp="2022-03-08T12:02:40 EET" skipped="0">
  <testcase classname="com.nana.devops.jenkins.jenkinsClassTest" name="addTest" time="0.027"/>
  <system-out/>
  <testcase classname="com.nana.devops.jenkins.jenkinsClassTest" name="subTest" time="0.000"/>
  <system-out/>
</testsuite> <!-- com.nana.devops.jenkins.jenkinsClassTest -->
