<?xml version="1.0" encoding="UTF-8"?>
<!-- Generated by org.testng.reporters.JUnitReportReporter -->
<testsuite hostname="DESKTOP-5GV2KT2" failures="0" tests="1" name="com.nana.devops.jenkins.SeleniumTest" time="18.219" errors="0" timestamp="2022-03-08T12:02:40 EET" skipped="0">
  <testcase classname="com.nana.devops.jenkins.SeleniumTest" name="YoutubeSearch" time="18.219"/>
  <system-out/>
</testsuite> <!-- com.nana.devops.jenkins.SeleniumTest -->
